<?xml version="1.0" encoding="UTF-8"?>
<!-- Generated by org.testng.reporters.JUnitReportReporter -->
<testsuite hostname="LAPTOP-I82QTILD" failures="0" tests="2" name="neoStoxTestclasses.ValidateNeoStoxAccBalance2" time="15.382" errors="0" timestamp="2022-12-21T23:53:54 IST" skipped="0">
  <testcase classname="neoStoxTestclasses.ValidateNeoStoxAccBalance2" name="validateUserID" time="7.847"/>
  <system-out>
    <![CDATA[Waiting for 1000ms
getting actual user name
Actual user name is Bhagyashree Bhutare
Reading username from property file
Waiting for 1000ms
getting actual user name
Actual user name is Bhagyashree Bhutare
Waiting for 500ms
taking screenshot
TC validateUserID is completed successfuly]]>
  </system-out>
  <testcase classname="neoStoxTestclasses.ValidateNeoStoxAccBalance2" name="validateAccBalance" time="7.535"/>
  <system-out>
    <![CDATA[Waiting for 1000ms
getting accBalance 
Account Balance is Rs.5,00,000.00
Waiting for 500ms
taking screenshot
TC validateAccBalance is completed successfuly]]>
  </system-out>
</testsuite> <!-- neoStoxTestclasses.ValidateNeoStoxAccBalance2 -->
